[ERROR 2019-03-20 17:23:02]发送邮件失败，请检查邮件配置
[ERROR 2019-03-20 22:11:50]Response body != expected_msg, expected_msg is True, body is True
[ERROR 2019-03-21 14:21:15]请检查sql语句 = select * from sys_dept limit 1  是否正确
[ERROR 2019-03-21 14:22:33]请检查sql语句 = select * from sys_dept limit 1  是否正确
[ERROR 2019-03-21 14:22:46]请检查sql语句 = select * from sys_dept limit 1  是否正确
[ERROR 2019-03-21 14:47:22]请检查sql语句 =  select * from sys_user limit 1  是否正确
[ERROR 2019-03-21 15:07:31]请检查sql语句 =  select use_id from sys_user where limit 1  是否正确
[ERROR 2019-03-21 15:07:40]请检查sql语句 =  select user_id from sys_user where limit 1  是否正确
[ERROR 2019-03-21 15:14:14]请检查sql语句 =  select * from sys_user limit = 1 是否正确
[ERROR 2019-03-21 17:51:52]请检查sql语句 = INSERT INTO sys_user VALUES ( 0, xiaohuang, '{bcrypt}$2a$10$XQgkulIVN0UdDRQXGNISfOBQmxwBBv.XQ75Fq8NPVmBePYIbqxu4W', NULL, 13922290999, NULL, 3, '2018-08-06 14:44:42', '2018-12-29 10:18:09', '0' ) 是否正确
[ERROR 2019-03-21 17:51:52]请检查sql语句 = INSERT INTO sys_user VALUES ( 0, xiaohong, '{bcrypt}$2a$10$XQgkulIVN0UdDRQXGNISfOBQmxwBBv.XQ75Fq8NPVmBePYIbqxu4W', NULL, 13933390999, NULL, 3, '2018-08-06 14:44:42', '2018-12-29 10:18:09', '0' ) 是否正确
[ERROR 2019-03-21 17:51:52]请检查sql语句 = INSERT INTO sys_user VALUES ( 0, xiaolv, '{bcrypt}$2a$10$XQgkulIVN0UdDRQXGNISfOBQmxwBBv.XQ75Fq8NPVmBePYIbqxu4W', NULL, 13944490999, NULL, 3, '2018-08-06 14:44:42', '2018-12-29 10:18:09', '0' ) 是否正确
[ERROR 2019-03-21 17:51:52]请检查sql语句 = INSERT INTO sys_user VALUES ( 0, xiaozi, '{bcrypt}$2a$10$XQgkulIVN0UdDRQXGNISfOBQmxwBBv.XQ75Fq8NPVmBePYIbqxu4W', NULL, 13955590999, NULL, 3, '2018-08-06 14:44:42', '2018-12-29 10:18:09', '0' ) 是否正确
[ERROR 2019-03-21 17:51:52]请检查sql语句 = INSERT INTO sys_user VALUES ( 0, xiaohei, '{bcrypt}$2a$10$XQgkulIVN0UdDRQXGNISfOBQmxwBBv.XQ75Fq8NPVmBePYIbqxu4W', NULL, 13966690999, NULL, 3, '2018-08-06 14:44:42', '2018-12-29 10:18:09', '0' ) 是否正确
[ERROR 2019-03-21 17:51:52]请检查sql语句 = INSERT INTO sys_user VALUES ( 0, xiaobai, '{bcrypt}$2a$10$XQgkulIVN0UdDRQXGNISfOBQmxwBBv.XQ75Fq8NPVmBePYIbqxu4W', NULL, 13977790999, NULL, 3, '2018-08-06 14:44:42', '2018-12-29 10:18:09', '0' ) 是否正确
[ERROR 2019-03-21 17:51:52]请检查sql语句 = INSERT INTO sys_user VALUES ( 0, xiaocheng, '{bcrypt}$2a$10$XQgkulIVN0UdDRQXGNISfOBQmxwBBv.XQ75Fq8NPVmBePYIbqxu4W', NULL, 13988890999, NULL, 3, '2018-08-06 14:44:42', '2018-12-29 10:18:09', '0' ) 是否正确
[ERROR 2019-03-21 17:52:13]请检查sql语句 = INSERT INTO sys_user VALUES ( 0, xiaohuang, '{bcrypt}$2a$10$XQgkulIVN0UdDRQXGNISfOBQmxwBBv.XQ75Fq8NPVmBePYIbqxu4W', NULL, 13922290999, NULL, 3, '2018-08-06 14:44:42', '2018-12-29 10:18:09', '0' ) 是否正确
[ERROR 2019-03-21 17:52:13]请检查sql语句 = INSERT INTO sys_user VALUES ( 0, xiaohong, '{bcrypt}$2a$10$XQgkulIVN0UdDRQXGNISfOBQmxwBBv.XQ75Fq8NPVmBePYIbqxu4W', NULL, 13933390999, NULL, 3, '2018-08-06 14:44:42', '2018-12-29 10:18:09', '0' ) 是否正确
[ERROR 2019-03-21 17:52:13]请检查sql语句 = INSERT INTO sys_user VALUES ( 0, xiaolv, '{bcrypt}$2a$10$XQgkulIVN0UdDRQXGNISfOBQmxwBBv.XQ75Fq8NPVmBePYIbqxu4W', NULL, 13944490999, NULL, 3, '2018-08-06 14:44:42', '2018-12-29 10:18:09', '0' ) 是否正确
[ERROR 2019-03-21 17:52:13]请检查sql语句 = INSERT INTO sys_user VALUES ( 0, xiaozi, '{bcrypt}$2a$10$XQgkulIVN0UdDRQXGNISfOBQmxwBBv.XQ75Fq8NPVmBePYIbqxu4W', NULL, 13955590999, NULL, 3, '2018-08-06 14:44:42', '2018-12-29 10:18:09', '0' ) 是否正确
[ERROR 2019-03-21 17:52:13]请检查sql语句 = INSERT INTO sys_user VALUES ( 0, xiaohei, '{bcrypt}$2a$10$XQgkulIVN0UdDRQXGNISfOBQmxwBBv.XQ75Fq8NPVmBePYIbqxu4W', NULL, 13966690999, NULL, 3, '2018-08-06 14:44:42', '2018-12-29 10:18:09', '0' ) 是否正确
[ERROR 2019-03-21 17:52:13]请检查sql语句 = INSERT INTO sys_user VALUES ( 0, xiaobai, '{bcrypt}$2a$10$XQgkulIVN0UdDRQXGNISfOBQmxwBBv.XQ75Fq8NPVmBePYIbqxu4W', NULL, 13977790999, NULL, 3, '2018-08-06 14:44:42', '2018-12-29 10:18:09', '0' ) 是否正确
[ERROR 2019-03-21 17:52:13]请检查sql语句 = INSERT INTO sys_user VALUES ( 0, xiaocheng, '{bcrypt}$2a$10$XQgkulIVN0UdDRQXGNISfOBQmxwBBv.XQ75Fq8NPVmBePYIbqxu4W', NULL, 13988890999, NULL, 3, '2018-08-06 14:44:42', '2018-12-29 10:18:09', '0' ) 是否正确
[ERROR 2019-03-21 17:54:39]请检查sql语句 = INSERT INTO sys_user VALUES ( 0, xiaohuang, '{bcrypt}$2a$10$XQgkulIVN0UdDRQXGNISfOBQmxwBBv.XQ75Fq8NPVmBePYIbqxu4W', NULL, 13922290999, NULL, 3, '2018-08-06 14:44:42', '2018-12-29 10:18:09', '0' ) 是否正确
[ERROR 2019-03-21 17:54:39]请检查sql语句 = INSERT INTO sys_user VALUES ( 0, xiaohong, '{bcrypt}$2a$10$XQgkulIVN0UdDRQXGNISfOBQmxwBBv.XQ75Fq8NPVmBePYIbqxu4W', NULL, 13933390999, NULL, 3, '2018-08-06 14:44:42', '2018-12-29 10:18:09', '0' ) 是否正确
[ERROR 2019-03-21 17:54:39]请检查sql语句 = INSERT INTO sys_user VALUES ( 0, xiaolv, '{bcrypt}$2a$10$XQgkulIVN0UdDRQXGNISfOBQmxwBBv.XQ75Fq8NPVmBePYIbqxu4W', NULL, 13944490999, NULL, 3, '2018-08-06 14:44:42', '2018-12-29 10:18:09', '0' ) 是否正确
[ERROR 2019-03-21 17:54:39]请检查sql语句 = INSERT INTO sys_user VALUES ( 0, xiaozi, '{bcrypt}$2a$10$XQgkulIVN0UdDRQXGNISfOBQmxwBBv.XQ75Fq8NPVmBePYIbqxu4W', NULL, 13955590999, NULL, 3, '2018-08-06 14:44:42', '2018-12-29 10:18:09', '0' ) 是否正确
[ERROR 2019-03-21 17:54:39]请检查sql语句 = INSERT INTO sys_user VALUES ( 0, xiaohei, '{bcrypt}$2a$10$XQgkulIVN0UdDRQXGNISfOBQmxwBBv.XQ75Fq8NPVmBePYIbqxu4W', NULL, 13966690999, NULL, 3, '2018-08-06 14:44:42', '2018-12-29 10:18:09', '0' ) 是否正确
[ERROR 2019-03-21 17:54:39]请检查sql语句 = INSERT INTO sys_user VALUES ( 0, xiaobai, '{bcrypt}$2a$10$XQgkulIVN0UdDRQXGNISfOBQmxwBBv.XQ75Fq8NPVmBePYIbqxu4W', NULL, 13977790999, NULL, 3, '2018-08-06 14:44:42', '2018-12-29 10:18:09', '0' ) 是否正确
[ERROR 2019-03-21 17:54:39]请检查sql语句 = INSERT INTO sys_user VALUES ( 0, xiaocheng, '{bcrypt}$2a$10$XQgkulIVN0UdDRQXGNISfOBQmxwBBv.XQ75Fq8NPVmBePYIbqxu4W', NULL, 13988890999, NULL, 3, '2018-08-06 14:44:42', '2018-12-29 10:18:09', '0' ) 是否正确
[ERROR 2019-03-25 10:44:27]Response body != expected_msg, expected_msg is False, body is True
[ERROR 2019-03-25 10:57:27]Response body != expected_msg, expected_msg is False, body is True
[ERROR 2019-03-25 11:26:21]Response body != expected_msg, expected_msg is False, body is True
[ERROR 2019-03-25 11:37:58]Response body != expected_msg, expected_msg is False, body is True
[ERROR 2019-03-25 11:41:39]Response body != expected_msg, expected_msg is False, body is True
[ERROR 2019-03-25 12:56:24]Response body != expected_msg, expected_msg is False, body is True
[ERROR 2019-03-25 13:41:01]Response body != expected_msg, expected_msg is False, body is True
[ERROR 2019-03-25 13:43:22]Response body != expected_msg, expected_msg is False, body is True
[ERROR 2019-03-25 13:49:33]Response body != expected_msg, expected_msg is False, body is True
[ERROR 2019-03-25 13:50:21]Response body != expected_msg, expected_msg is False, body is True
[ERROR 2019-03-25 13:50:21]Response body != expected_msg, expected_msg is False, body is True
[ERROR 2019-03-25 13:50:35]Response body != expected_msg, expected_msg is False, body is True
[ERROR 2019-03-25 13:53:52]Response body != expected_msg, expected_msg is False, body is True
[ERROR 2019-03-25 13:55:57]Response body != expected_msg, expected_msg is False, body is True
[ERROR 2019-03-25 13:58:58]Response body != expected_msg, expected_msg is False, body is True
[ERROR 2019-03-25 13:59:40]Response body != expected_msg, expected_msg is False, body is True
[ERROR 2019-03-25 14:06:25]Response body != expected_msg, expected_msg is False, body is True
[ERROR 2019-03-25 14:06:25]Response body != expected_msg, expected_msg is S_SERVICE_UNAVAILABLE, body is B_USER_OR_MOBILE_EXISTS
[ERROR 2019-03-25 14:09:03]Response body != expected_msg, expected_msg is False, body is True
[ERROR 2019-03-25 14:09:03]Response body != expected_msg, expected_msg is S_SERVICE_UNAVAILABLE, body is B_USER_OR_MOBILE_EXISTS
[ERROR 2019-03-25 14:09:41]Response body != expected_msg, expected_msg is False, body is True
[ERROR 2019-03-25 14:31:20]Response body != expected_msg, expected_msg is False, body is True
[ERROR 2019-03-25 14:31:21]Response body != expected_msg, expected_msg is S_SERVICE_UNAVAILABLE, body is B_USER_OR_MOBILE_EXISTS
[ERROR 2019-03-25 14:42:30]Response body != expected_msg, expected_msg is False, body is True
[ERROR 2019-03-25 14:43:34]Response body != expected_msg, expected_msg is False, body is True
[ERROR 2019-03-25 14:44:35]Response body != expected_msg, expected_msg is False, body is True
[ERROR 2019-03-25 14:44:35]Response body != expected_msg, expected_msg is S_SERVICE_UNAVAILABLE, body is B_USER_OR_MOBILE_EXISTS
[ERROR 2019-03-25 14:48:09]Response body != expected_msg, expected_msg is False, body is True
[ERROR 2019-03-25 14:52:24]Response body != expected_msg, expected_msg is False, body is True
[ERROR 2019-03-25 14:58:35]Response body != expected_msg, expected_msg is False, body is True
[ERROR 2019-03-25 15:07:37]Response body != expected_msg, expected_msg is False, body is True
[ERROR 2019-03-25 15:12:08]Response body != expected_msg, expected_msg is False, body is True
[ERROR 2019-03-25 15:32:46]请检查sql语句 = SELECT phone FROM sys_user WHERE user_id ='%s';user_id 是否正确
[ERROR 2019-03-25 16:49:15]query results error, expected_results is 1, actual_results is 1 
[ERROR 2019-03-25 16:52:03]query results error, expected_results is 1, actual_results is 1 
[ERROR 2019-03-25 17:45:06]Response body != expected_msg, expected_msg is False, body is True
[ERROR 2019-03-26 10:10:56]Response body != expected_msg, expected_msg is False, body is True
[ERROR 2019-03-26 10:29:38]Response body != expected_msg, expected_msg is False, body is True
[ERROR 2019-03-26 10:39:49]Response body != expected_msg, expected_msg is False, body is True
[ERROR 2019-03-26 10:41:43]Response body != expected_msg, expected_msg is False, body is True
[ERROR 2019-03-26 11:01:41]Response body != expected_msg, expected_msg is False, body is True
[ERROR 2019-03-26 11:06:58]Response body != expected_msg, expected_msg is False, body is True
[ERROR 2019-03-26 11:12:20]Response body != expected_msg, expected_msg is False, body is True
[ERROR 2019-03-26 13:16:21]Response body != expected_msg, expected_msg is False, body is True
[ERROR 2019-03-26 13:16:55]Response body != expected_msg, expected_msg is False, body is True
[ERROR 2019-03-26 14:34:07]Response body != expected_msg, expected_msg is False, body is True
[ERROR 2019-03-26 14:36:15]Response body != expected_msg, expected_msg is False, body is True
[ERROR 2019-03-26 14:49:08]Response body != expected_msg, expected_msg is False, body is True
[ERROR 2019-03-26 15:09:08]Response body != expected_msg, expected_msg is False, body is True
[ERROR 2019-03-26 15:10:07]Response body != expected_msg, expected_msg is False, body is True
[ERROR 2019-03-26 15:21:34]Response body != expected_msg, expected_msg is False, body is True
[ERROR 2019-03-26 16:05:55]请检查sql语句 = SELECT menu_id,del_flag FROM sys_menu WHERE username = '自动化测试'; 是否正确
[ERROR 2019-03-26 16:58:04]Response body != expected_msg, expected_msg is 自动化测试123, body is 自动化测试
[ERROR 2019-03-26 17:01:56]Response body != expected_msg, expected_msg is False, body is True
[ERROR 2019-03-26 17:02:32]Response body != expected_msg, expected_msg is False, body is True
[ERROR 2019-03-26 17:16:21]Response body != expected_msg, expected_msg is False, body is True
[ERROR 2019-03-26 17:18:54]Response body != expected_msg, expected_msg is False, body is True
[ERROR 2019-03-26 21:58:22]Response body != expected_msg, expected_msg is 0, body is 0
[ERROR 2019-03-26 21:59:47]Response body != expected_msg, expected_msg is False, body is True
[ERROR 2019-03-26 22:11:11]Response body != expected_msg, expected_msg is 0, body is 1
[ERROR 2019-03-26 22:15:28]Response body != expected_msg, expected_msg is 1, body is 0
[ERROR 2019-03-27 08:48:26]Response body != expected_msg, expected_msg is False, body is True
[ERROR 2019-03-27 08:51:14]Response body != expected_msg, expected_msg is False, body is True
[ERROR 2019-03-27 08:52:13]Response body != expected_msg, expected_msg is False, body is True
[ERROR 2019-03-27 09:24:28]Response body != expected_msg, expected_msg is False, body is True
[ERROR 2019-03-27 09:42:58]Response body != expected_msg, expected_msg is False, body is True
[ERROR 2019-03-27 09:52:12]Response body != expected_msg, expected_msg is False, body is True
[ERROR 2019-03-27 10:46:31]Response body != expected_msg, expected_msg is False, body is True
[ERROR 2019-03-27 11:01:52]Response body != expected_msg, expected_msg is False, body is True
[ERROR 2019-03-27 11:04:38]Response body != expected_msg, expected_msg is False, body is True
[ERROR 2019-03-27 11:04:44]请检查数据的参数是否正确
[ERROR 2019-03-27 11:04:44]请检查sql语句 = SELECT * FROM sys_role WHERE role_name = '我的自动化测试' 是否正确
[ERROR 2019-03-27 11:05:14]请检查数据的参数是否正确
[ERROR 2019-03-27 11:05:14]请检查sql语句 = SELECT * FROM sys_role  是否正确
[ERROR 2019-03-27 11:08:53]请检查数据的参数是否正确
[ERROR 2019-03-27 11:08:53]请检查sql语句 = SELECT user_id,del_flag,phone FROM sys_user WHERE username = 'test1'; 是否正确
[ERROR 2019-03-27 11:08:54]请检查数据的参数是否正确
[ERROR 2019-03-27 11:08:54]请检查sql语句 = SELECT menu_id,del_flag,parent_id FROM sys_menu WHERE name = '自动化测试'; 是否正确
[ERROR 2019-03-27 11:08:54]请检查数据的参数是否正确
[ERROR 2019-03-27 11:08:54]请检查sql语句 = SELECT * FROM sys_role WHERE role_name = '我的自动化测试'; 是否正确
[ERROR 2019-03-27 11:09:40]Response body != expected_msg, expected_msg is False, body is True
[ERROR 2019-03-27 11:09:42]Response body != expected_msg, expected_msg is 0, body is 我的自动化测试
[ERROR 2019-03-27 11:09:55]Response body != expected_msg, expected_msg is False, body is True
[ERROR 2019-03-27 11:09:57]Response body != expected_msg, expected_msg is 0, body is 我的自动化测试
[ERROR 2019-03-27 11:10:44]Response body != expected_msg, expected_msg is 0, body is 我的自动化测试
[ERROR 2019-03-27 11:11:34]Response body != expected_msg, expected_msg is 0, body is 我的自动化测试
[ERROR 2019-03-27 14:28:22]Response body != expected_msg, expected_msg is False, body is True
[ERROR 2019-03-27 16:05:56]Response body != expected_msg, expected_msg is False, body is True
[ERROR 2019-03-27 16:31:24]Response body != expected_msg, expected_msg is auto_test, body is 自动化测试123
[ERROR 2019-03-27 17:54:50]Response body != expected_msg, expected_msg is False, body is True
[ERROR 2019-03-27 17:55:59]Response body != expected_msg, expected_msg is False, body is True
[ERROR 2019-03-27 18:15:38]请检查sql语句 = SELECT id,type,del_flag FROM sys_role WHERE remarks = '自动化测试123'; 是否正确
[ERROR 2019-03-27 18:17:38]Response body != expected_msg, expected_msg is test_type, body is log_type
[ERROR 2019-03-28 09:52:38]Response body != expected_msg, expected_msg is 0, body is test_type
[ERROR 2019-03-28 10:12:16]Response body != expected_msg, expected_msg is False, body is True
[ERROR 2019-03-28 10:14:22]Response body != expected_msg, expected_msg is False, body is True
[ERROR 2019-03-28 10:18:00]Response body != expected_msg, expected_msg is False, body is True
[ERROR 2019-03-28 10:19:18]Response body != expected_msg, expected_msg is False, body is True
[ERROR 2019-03-28 10:21:49]Response body != expected_msg, expected_msg is False, body is True
[ERROR 2019-03-28 10:28:10]Response body != expected_msg, expected_msg is False, body is True
[ERROR 2019-03-28 10:29:47]Response body != expected_msg, expected_msg is False, body is True
[ERROR 2019-03-28 10:43:51]Response body != expected_msg, expected_msg is False, body is True
[ERROR 2019-03-28 10:43:51]Response body != expected_msg, expected_msg is False, body is True
[ERROR 2019-03-28 10:47:26]Response body != expected_msg, expected_msg is False, body is True
[ERROR 2019-03-28 10:52:16]Response body != expected_msg, expected_msg is False, body is True
[ERROR 2019-03-28 10:57:38]Response body != expected_msg, expected_msg is False, body is True
[ERROR 2019-03-28 10:59:24]Response body != expected_msg, expected_msg is False, body is True
[ERROR 2019-03-28 11:10:31]Response body != expected_msg, expected_msg is 1, body is 0
[ERROR 2019-03-28 11:10:31]Response body != expected_msg, expected_msg is False, body is True
[ERROR 2019-03-28 11:15:37]Response body != expected_msg, expected_msg is False, body is True
[ERROR 2019-03-28 11:21:36]Response body != expected_msg, expected_msg is False, body is True
[ERROR 2019-03-28 11:21:38]Response body != expected_msg, expected_msg is 我的自动化测试, body is 我的自动化测试111
[ERROR 2019-03-28 11:21:44]Response body != expected_msg, expected_msg is False, body is True
[ERROR 2019-03-28 11:22:24]Response body != expected_msg, expected_msg is False, body is True
[ERROR 2019-03-28 11:22:28]Response body != expected_msg, expected_msg is False, body is True
[ERROR 2019-03-28 11:25:58]Response body != expected_msg, expected_msg is False, body is True
[ERROR 2019-03-28 11:25:59]Response body != expected_msg, expected_msg is False, body is True
[ERROR 2019-03-28 11:25:59]Response body != expected_msg, expected_msg is False, body is True
[ERROR 2019-03-28 11:26:00]Response body != expected_msg, expected_msg is False, body is True
[ERROR 2019-03-28 11:26:01]Response body != expected_msg, expected_msg is False, body is True
[ERROR 2019-03-28 11:26:01]Response body != expected_msg, expected_msg is 自动化测试, body is 自动化测试333
[ERROR 2019-03-28 11:26:02]Response body != expected_msg, expected_msg is False, body is True
[ERROR 2019-03-28 11:41:36]Response body != expected_msg, expected_msg is False, body is True
[ERROR 2019-03-28 11:41:37]Response body != expected_msg, expected_msg is False, body is True
[ERROR 2019-03-28 11:41:37]Response body != expected_msg, expected_msg is False, body is True
[ERROR 2019-03-28 11:41:37]Response body != expected_msg, expected_msg is False, body is True
[ERROR 2019-03-28 11:41:38]Response body != expected_msg, expected_msg is 1, body is 0
[ERROR 2019-03-28 11:41:38]Response body != expected_msg, expected_msg is False, body is True
[ERROR 2019-03-28 11:41:39]Response body != expected_msg, expected_msg is 自动化测试, body is 自动化测试333
[ERROR 2019-03-28 11:41:40]Response body != expected_msg, expected_msg is False, body is True
[ERROR 2019-03-28 11:42:46]Response body != expected_msg, expected_msg is False, body is True
[ERROR 2019-03-28 11:42:46]Response body != expected_msg, expected_msg is False, body is True
[ERROR 2019-03-28 11:42:47]Response body != expected_msg, expected_msg is False, body is True
[ERROR 2019-03-28 11:42:48]Response body != expected_msg, expected_msg is 1, body is 0
[ERROR 2019-03-28 11:42:49]Response body != expected_msg, expected_msg is False, body is True
[ERROR 2019-03-28 11:43:45]Response body != expected_msg, expected_msg is False, body is True
[ERROR 2019-03-28 11:43:45]Response body != expected_msg, expected_msg is False, body is True
[ERROR 2019-03-28 11:43:48]Response body != expected_msg, expected_msg is False, body is True
[ERROR 2019-03-28 11:44:25]Response body != expected_msg, expected_msg is False, body is True
[ERROR 2019-03-28 11:44:27]Response body != expected_msg, expected_msg is False, body is True
[ERROR 2019-03-28 11:45:26]Response body != expected_msg, expected_msg is False, body is True
[ERROR 2019-03-28 11:45:27]Response body != expected_msg, expected_msg is False, body is True
[ERROR 2019-03-28 11:45:30]Response body != expected_msg, expected_msg is False, body is True
[ERROR 2019-03-28 11:46:21]Response body != expected_msg, expected_msg is False, body is True
[ERROR 2019-03-28 12:13:36]Response body != expected_msg, expected_msg is False, body is True
[ERROR 2019-03-28 12:23:38]Response body != expected_msg, expected_msg is False, body is True
[ERROR 2019-03-28 12:23:40]Response body != expected_msg, expected_msg is 我的自动化测试, body is 我的自动化测试111
[ERROR 2019-03-28 12:24:39]Response body != expected_msg, expected_msg is False, body is True
[ERROR 2019-03-28 12:24:41]Response body != expected_msg, expected_msg is 我的自动化测试, body is 我的自动化测试111
[ERROR 2019-03-28 12:24:41]Response body != expected_msg, expected_msg is False, body is True
[ERROR 2019-03-28 12:24:42]Response body != expected_msg, expected_msg is 自动化测试, body is 自动化测试333
[ERROR 2019-03-28 12:29:54]Response body != expected_msg, expected_msg is 1, body is 0
[ERROR 2019-03-28 12:29:56]Response body != expected_msg, expected_msg is False, body is True
[ERROR 2019-03-28 12:32:26]Response body != expected_msg, expected_msg is False, body is True
[ERROR 2019-03-28 12:32:28]Response body != expected_msg, expected_msg is 我的自动化测试, body is 我的自动化测试111
[ERROR 2019-03-28 12:32:29]Response body != expected_msg, expected_msg is False, body is True
[ERROR 2019-03-28 12:32:29]Response body != expected_msg, expected_msg is 自动化测试, body is 自动化测试333
[ERROR 2019-03-28 12:32:30]Response body != expected_msg, expected_msg is False, body is True
[ERROR 2019-03-28 12:33:03]Response body != expected_msg, expected_msg is False, body is True
[ERROR 2019-03-28 12:33:24]Response body != expected_msg, expected_msg is False, body is True
[ERROR 2019-03-28 12:34:18]Response body != expected_msg, expected_msg is False, body is True
[ERROR 2019-03-28 12:34:34]Response body != expected_msg, expected_msg is False, body is True
[ERROR 2019-03-28 12:34:36]Response body != expected_msg, expected_msg is 我的自动化测试, body is 我的自动化测试111
[ERROR 2019-03-28 12:34:37]Response body != expected_msg, expected_msg is False, body is True
[ERROR 2019-03-28 12:34:37]Response body != expected_msg, expected_msg is 自动化测试, body is 自动化测试333
[ERROR 2019-03-28 12:34:38]Response body != expected_msg, expected_msg is False, body is True
[ERROR 2019-03-28 12:36:38]Response body != expected_msg, expected_msg is False, body is True
[ERROR 2019-03-28 12:36:54]Response body != expected_msg, expected_msg is False, body is True
[ERROR 2019-03-28 12:38:53]Response body != expected_msg, expected_msg is False, body is True
[ERROR 2019-03-28 13:07:59]Response body != expected_msg, expected_msg is False, body is True
[ERROR 2019-03-28 13:08:00]Response body != expected_msg, expected_msg is 我的自动化测试, body is 我的自动化测试111
[ERROR 2019-03-28 13:08:01]Response body != expected_msg, expected_msg is False, body is True
[ERROR 2019-03-28 13:08:02]Response body != expected_msg, expected_msg is 自动化测试, body is 自动化测试333
[ERROR 2019-03-28 13:08:02]Response body != expected_msg, expected_msg is False, body is True
[ERROR 2019-03-28 13:08:21]Response body != expected_msg, expected_msg is False, body is True
[ERROR 2019-03-28 13:08:30]Response body != expected_msg, expected_msg is False, body is True
[ERROR 2019-03-28 13:08:31]Response body != expected_msg, expected_msg is 我的自动化测试, body is 我的自动化测试111
[ERROR 2019-03-28 13:08:32]Response body != expected_msg, expected_msg is False, body is True
[ERROR 2019-03-28 13:08:32]Response body != expected_msg, expected_msg is 自动化测试, body is 自动化测试333
[ERROR 2019-03-28 13:08:33]Response body != expected_msg, expected_msg is False, body is True
[ERROR 2019-03-28 13:08:44]Response body != expected_msg, expected_msg is False, body is True
[ERROR 2019-03-28 13:08:46]Response body != expected_msg, expected_msg is 我的自动化测试, body is 我的自动化测试111
[ERROR 2019-03-28 13:08:47]Response body != expected_msg, expected_msg is False, body is True
[ERROR 2019-03-28 13:08:47]Response body != expected_msg, expected_msg is 自动化测试, body is 自动化测试333
[ERROR 2019-03-28 13:08:48]Response body != expected_msg, expected_msg is False, body is True
[ERROR 2019-03-28 13:09:04]Response body != expected_msg, expected_msg is False, body is True
[ERROR 2019-03-28 13:12:37]Response body != expected_msg, expected_msg is False, body is True
[ERROR 2019-03-28 13:14:34]Response body != expected_msg, expected_msg is False, body is True
[ERROR 2019-03-28 13:48:45]Response body != expected_msg, expected_msg is False, body is True
[ERROR 2019-03-28 13:48:48]Response body != expected_msg, expected_msg is False, body is True
[ERROR 2019-03-28 13:48:50]Response body != expected_msg, expected_msg is 我的自动化测试, body is 我的自动化测试111
[ERROR 2019-03-28 13:48:51]Response body != expected_msg, expected_msg is False, body is True
[ERROR 2019-03-28 13:48:51]Response body != expected_msg, expected_msg is 自动化测试, body is 自动化测试333
[ERROR 2019-03-28 13:48:52]Response body != expected_msg, expected_msg is False, body is True
[ERROR 2019-03-28 13:49:50]Response body != expected_msg, expected_msg is False, body is True
[ERROR 2019-03-28 13:49:51]Response body != expected_msg, expected_msg is 我的自动化测试, body is 我的自动化测试111
[ERROR 2019-03-28 13:49:52]Response body != expected_msg, expected_msg is False, body is True
[ERROR 2019-03-28 13:49:52]Response body != expected_msg, expected_msg is 自动化测试, body is 自动化测试333
[ERROR 2019-03-28 13:49:53]Response body != expected_msg, expected_msg is False, body is True
[ERROR 2019-03-28 13:50:09]Response body != expected_msg, expected_msg is False, body is True
[ERROR 2019-03-28 13:50:09]Response body != expected_msg, expected_msg is 自动化测试, body is 自动化测试333
[ERROR 2019-03-28 13:50:10]Response body != expected_msg, expected_msg is False, body is True
[ERROR 2019-03-28 13:51:53]Response body != expected_msg, expected_msg is False, body is True
[ERROR 2019-03-28 13:51:55]Response body != expected_msg, expected_msg is 我的自动化测试, body is 我的自动化测试111
[ERROR 2019-03-28 13:51:56]Response body != expected_msg, expected_msg is False, body is True
[ERROR 2019-03-28 13:51:56]Response body != expected_msg, expected_msg is 自动化测试, body is 自动化测试333
[ERROR 2019-03-28 13:51:57]Response body != expected_msg, expected_msg is False, body is True
[ERROR 2019-03-28 13:53:07]Response body != expected_msg, expected_msg is False, body is True
[ERROR 2019-03-28 13:54:11]Response body != expected_msg, expected_msg is False, body is True
[ERROR 2019-03-28 13:54:12]Response body != expected_msg, expected_msg is 我的自动化测试, body is 我的自动化测试111
[ERROR 2019-03-28 13:54:13]Response body != expected_msg, expected_msg is False, body is True
[ERROR 2019-03-28 13:54:13]Response body != expected_msg, expected_msg is 自动化测试, body is 自动化测试333
[ERROR 2019-03-28 13:54:14]Response body != expected_msg, expected_msg is False, body is True
[ERROR 2019-03-28 13:56:59]Response body != expected_msg, expected_msg is False, body is True
[ERROR 2019-03-28 13:57:01]Response body != expected_msg, expected_msg is False, body is True
[ERROR 2019-03-28 13:57:02]Response body != expected_msg, expected_msg is 自动化测试, body is 自动化测试333
[ERROR 2019-03-28 13:57:03]Response body != expected_msg, expected_msg is False, body is True
[ERROR 2019-03-28 13:58:05]Response body != expected_msg, expected_msg is False, body is True
[ERROR 2019-03-28 13:59:54]Response body != expected_msg, expected_msg is False, body is True
[ERROR 2019-03-28 14:00:01]Response body != expected_msg, expected_msg is False, body is True
[ERROR 2019-03-28 14:00:03]Response body != expected_msg, expected_msg is False, body is True
[ERROR 2019-03-28 14:00:04]Response body != expected_msg, expected_msg is 自动化测试, body is 自动化测试333
[ERROR 2019-03-28 14:00:05]Response body != expected_msg, expected_msg is False, body is True
[ERROR 2019-03-28 14:13:07]Response body != expected_msg, expected_msg is False, body is True
[ERROR 2019-03-28 14:13:09]Response body != expected_msg, expected_msg is False, body is True
[ERROR 2019-03-28 14:13:10]Response body != expected_msg, expected_msg is False, body is True
[ERROR 2019-03-28 14:13:51]Response body != expected_msg, expected_msg is False, body is True
[ERROR 2019-03-28 14:25:49]Response body != expected_msg, expected_msg is False, body is True
[ERROR 2019-03-28 14:25:51]Response body != expected_msg, expected_msg is False, body is True
[ERROR 2019-03-28 14:25:52]Response body != expected_msg, expected_msg is False, body is True
[ERROR 2019-03-28 14:26:42]Response body != expected_msg, expected_msg is False, body is True
[ERROR 2019-03-28 14:26:45]Response body != expected_msg, expected_msg is False, body is True
[ERROR 2019-03-28 14:26:46]Response body != expected_msg, expected_msg is False, body is True
[ERROR 2019-03-28 14:27:06]Response body != expected_msg, expected_msg is False, body is True
[ERROR 2019-03-28 14:27:20]Response body != expected_msg, expected_msg is False, body is True
[ERROR 2019-03-28 14:27:22]Response body != expected_msg, expected_msg is False, body is True
[ERROR 2019-03-28 14:27:23]Response body != expected_msg, expected_msg is False, body is True
[ERROR 2019-03-28 14:30:21]Response body != expected_msg, expected_msg is False, body is True
[ERROR 2019-03-28 14:31:56]Response body != expected_msg, expected_msg is False, body is True
[ERROR 2019-03-28 14:31:59]Response body != expected_msg, expected_msg is False, body is True
[ERROR 2019-03-28 14:32:00]Response body != expected_msg, expected_msg is False, body is True
[ERROR 2019-03-28 14:32:52]Response body != expected_msg, expected_msg is False, body is True
[ERROR 2019-03-28 14:34:19]Response body != expected_msg, expected_msg is False, body is True
[ERROR 2019-03-28 14:44:59]Response body != expected_msg, expected_msg is False, body is True
[ERROR 2019-03-28 14:45:01]Response body != expected_msg, expected_msg is False, body is True
[ERROR 2019-03-28 14:45:03]Response body != expected_msg, expected_msg is False, body is True
[ERROR 2019-03-28 14:45:19]Response body != expected_msg, expected_msg is False, body is True
[ERROR 2019-03-28 14:45:21]Response body != expected_msg, expected_msg is False, body is True
[ERROR 2019-03-28 14:45:23]Response body != expected_msg, expected_msg is False, body is True
[ERROR 2019-03-28 14:45:40]Response body != expected_msg, expected_msg is False, body is True
[ERROR 2019-03-28 14:54:35]Response body != expected_msg, expected_msg is False, body is True
[ERROR 2019-03-28 14:56:43]Response body != expected_msg, expected_msg is False, body is True
[ERROR 2019-03-28 14:56:46]Response body != expected_msg, expected_msg is False, body is True
[ERROR 2019-03-28 14:56:47]Response body != expected_msg, expected_msg is False, body is True
[ERROR 2019-03-28 15:00:16]Response body != expected_msg, expected_msg is False, body is True
[ERROR 2019-03-28 15:00:18]Response body != expected_msg, expected_msg is False, body is True
[ERROR 2019-03-28 15:00:19]Response body != expected_msg, expected_msg is 1, body is 0
[ERROR 2019-03-28 15:00:20]Response body != expected_msg, expected_msg is 1, body is 0
[ERROR 2019-03-28 15:00:20]Response body != expected_msg, expected_msg is False, body is True
[ERROR 2019-03-28 15:15:44]Response body != expected_msg, expected_msg is False, body is True
[ERROR 2019-03-28 15:15:46]Response body != expected_msg, expected_msg is False, body is True
[ERROR 2019-03-28 15:15:47]Response body != expected_msg, expected_msg is False, body is True
[ERROR 2019-03-28 15:17:11]Response body != expected_msg, expected_msg is False, body is True
[ERROR 2019-03-28 15:17:14]Response body != expected_msg, expected_msg is False, body is True
[ERROR 2019-03-28 15:17:15]Response body != expected_msg, expected_msg is False, body is True
[ERROR 2019-03-28 15:17:16]Response body != expected_msg, expected_msg is 1, body is 0
[ERROR 2019-03-28 15:17:16]Response body != expected_msg, expected_msg is False, body is True
[ERROR 2019-03-28 15:22:36]Response body != expected_msg, expected_msg is False, body is True
[ERROR 2019-03-28 15:23:15]Response body != expected_msg, expected_msg is False, body is True
[ERROR 2019-03-28 15:23:18]Response body != expected_msg, expected_msg is False, body is True
[ERROR 2019-03-28 15:23:20]Response body != expected_msg, expected_msg is False, body is True
[ERROR 2019-03-28 15:23:21]Response body != expected_msg, expected_msg is 1, body is 0
[ERROR 2019-03-28 15:23:21]Response body != expected_msg, expected_msg is False, body is True
[ERROR 2019-03-28 16:09:18]Response body != expected_msg, expected_msg is False, body is True
[ERROR 2019-03-28 16:09:20]Response body != expected_msg, expected_msg is False, body is True
[ERROR 2019-03-28 16:09:21]Response body != expected_msg, expected_msg is 1, body is 0
[ERROR 2019-03-28 16:09:22]Response body != expected_msg, expected_msg is 1, body is 0
[ERROR 2019-03-28 16:09:23]Response body != expected_msg, expected_msg is False, body is True
[ERROR 2019-03-28 16:11:26]Response body != expected_msg, expected_msg is False, body is True
[ERROR 2019-03-28 16:11:29]Response body != expected_msg, expected_msg is False, body is True
[ERROR 2019-03-28 16:11:30]Response body != expected_msg, expected_msg is False, body is True
[ERROR 2019-03-28 16:12:02]Response body != expected_msg, expected_msg is False, body is True
[ERROR 2019-03-28 16:12:04]Response body != expected_msg, expected_msg is False, body is True
[ERROR 2019-03-28 16:12:06]Response body != expected_msg, expected_msg is False, body is True
[ERROR 2019-03-28 16:12:40]Response body != expected_msg, expected_msg is False, body is True
[ERROR 2019-03-28 16:12:43]Response body != expected_msg, expected_msg is False, body is True
[ERROR 2019-03-28 16:12:44]Response body != expected_msg, expected_msg is False, body is True
[ERROR 2019-03-28 16:13:09]Response body != expected_msg, expected_msg is False, body is True
[ERROR 2019-03-28 16:13:10]Response body != expected_msg, expected_msg is False, body is True
[ERROR 2019-03-28 16:14:22]Response body != expected_msg, expected_msg is False, body is True
[ERROR 2019-03-28 16:14:25]Response body != expected_msg, expected_msg is False, body is True
[ERROR 2019-03-28 16:14:26]Response body != expected_msg, expected_msg is False, body is True
[ERROR 2019-03-28 16:28:13]Response body != expected_msg, expected_msg is False, body is True
[ERROR 2019-03-28 16:28:16]Response body != expected_msg, expected_msg is False, body is True
[ERROR 2019-03-28 16:28:17]Response body != expected_msg, expected_msg is log_type, body is test_type
[ERROR 2019-03-28 16:28:17]Response body != expected_msg, expected_msg is False, body is True
[ERROR 2019-03-28 16:34:55]Response body != expected_msg, expected_msg is log_type, body is test_type
[ERROR 2019-03-28 16:34:55]Response body != expected_msg, expected_msg is False, body is True
[ERROR 2019-03-28 16:39:33]Response body != expected_msg, expected_msg is log_type, body is test_type
[ERROR 2019-03-28 16:39:33]Response body != expected_msg, expected_msg is False, body is True
[ERROR 2019-03-28 16:43:43]Response body != expected_msg, expected_msg is False, body is True
[ERROR 2019-03-28 16:43:45]Response body != expected_msg, expected_msg is False, body is True
[ERROR 2019-03-28 16:43:47]Response body != expected_msg, expected_msg is None, body is 自动化测试123
[ERROR 2019-03-28 16:43:47]Response body != expected_msg, expected_msg is False, body is True
[ERROR 2019-03-28 16:44:10]Response body != expected_msg, expected_msg is False, body is True
[ERROR 2019-03-28 16:44:13]Response body != expected_msg, expected_msg is False, body is True
[ERROR 2019-03-28 16:44:14]Response body != expected_msg, expected_msg is None, body is 自动化测试123
[ERROR 2019-03-28 16:44:14]Response body != expected_msg, expected_msg is False, body is True
[ERROR 2019-03-28 16:45:09]Response body != expected_msg, expected_msg is False, body is True
[ERROR 2019-03-28 16:45:11]Response body != expected_msg, expected_msg is None, body is 自动化测试123
[ERROR 2019-03-28 16:45:11]Response body != expected_msg, expected_msg is False, body is True
[ERROR 2019-03-28 16:45:50]Response body != expected_msg, expected_msg is None, body is 自动化测试123
[ERROR 2019-03-28 16:45:50]Response body != expected_msg, expected_msg is False, body is True
[ERROR 2019-03-28 16:46:49]Response body != expected_msg, expected_msg is False, body is True
[ERROR 2019-03-28 16:46:52]Response body != expected_msg, expected_msg is False, body is True
[ERROR 2019-03-28 16:46:53]Response body != expected_msg, expected_msg is None, body is 自动化测试123
[ERROR 2019-03-28 16:46:53]Response body != expected_msg, expected_msg is False, body is True
[ERROR 2019-03-28 16:47:28]Response body != expected_msg, expected_msg is None, body is 自动化测试123
[ERROR 2019-03-28 16:47:28]Response body != expected_msg, expected_msg is False, body is True
[ERROR 2019-03-28 16:48:47]Response body != expected_msg, expected_msg is False, body is True
[ERROR 2019-03-28 16:49:46]Response body != expected_msg, expected_msg is False, body is True
[ERROR 2019-03-28 16:53:04]Response body != expected_msg, expected_msg is False, body is True
[ERROR 2019-03-28 16:53:06]Response body != expected_msg, expected_msg is False, body is True
[ERROR 2019-03-28 16:56:50]Response body != expected_msg, expected_msg is False, body is True
[ERROR 2019-03-28 16:56:53]Response body != expected_msg, expected_msg is False, body is True
[ERROR 2019-03-28 16:58:20]Response body != expected_msg, expected_msg is False, body is True
[ERROR 2019-03-28 16:58:22]Response body != expected_msg, expected_msg is False, body is True
[ERROR 2019-03-28 17:01:41]Response body != expected_msg, expected_msg is False, body is True
[ERROR 2019-03-28 17:02:47]Response body != expected_msg, expected_msg is False, body is True
[ERROR 2019-03-28 17:02:49]Response body != expected_msg, expected_msg is False, body is True
[ERROR 2019-03-28 17:03:33]Response body != expected_msg, expected_msg is False, body is True
[ERROR 2019-03-28 17:03:35]Response body != expected_msg, expected_msg is False, body is True
[ERROR 2019-03-28 17:04:27]Response body != expected_msg, expected_msg is False, body is True
[ERROR 2019-03-28 17:04:29]Response body != expected_msg, expected_msg is False, body is True
[ERROR 2019-03-28 17:04:47]Response body != expected_msg, expected_msg is False, body is True
[ERROR 2019-03-28 17:04:51]Response body != expected_msg, expected_msg is False, body is True
[ERROR 2019-03-28 17:05:12]Response body != expected_msg, expected_msg is False, body is True
[ERROR 2019-03-28 17:09:11]Response body != expected_msg, expected_msg is 自动化测试, body is 自动化测试333
[ERROR 2019-03-28 17:09:43]Response body != expected_msg, expected_msg is 自动化测试, body is 自动化测试333
[ERROR 2019-03-28 17:10:08]Response body != expected_msg, expected_msg is False, body is True
[ERROR 2019-03-28 17:10:10]Response body != expected_msg, expected_msg is 自动化测试, body is 自动化测试333
[ERROR 2019-03-28 17:10:35]Response body != expected_msg, expected_msg is 自动化测试, body is 自动化测试333
[ERROR 2019-03-28 17:11:21]Response body != expected_msg, expected_msg is 自动化测试, body is 自动化测试333
[ERROR 2019-03-28 17:11:57]Response body != expected_msg, expected_msg is False, body is True
[ERROR 2019-03-28 17:13:31]Response body != expected_msg, expected_msg is False, body is True
[ERROR 2019-03-28 17:14:14]Response body != expected_msg, expected_msg is False, body is True
[ERROR 2019-03-28 17:14:16]Response body != expected_msg, expected_msg is False, body is True
[ERROR 2019-03-28 17:16:12]Response body != expected_msg, expected_msg is False, body is True
[ERROR 2019-03-28 17:16:15]Response body != expected_msg, expected_msg is False, body is True
[ERROR 2019-03-28 17:18:05]Response body != expected_msg, expected_msg is False, body is True
[ERROR 2019-03-28 17:18:24]Response body != expected_msg, expected_msg is False, body is True
[ERROR 2019-03-28 17:18:29]Response body != expected_msg, expected_msg is False, body is True
[ERROR 2019-03-28 17:25:34]Response body != expected_msg, expected_msg is False, body is True
[ERROR 2019-03-28 17:25:37]Response body != expected_msg, expected_msg is False, body is True
[ERROR 2019-03-28 17:30:35]Response body != expected_msg, expected_msg is False, body is True
[ERROR 2019-03-28 17:30:37]Response body != expected_msg, expected_msg is False, body is True
[ERROR 2019-03-28 17:31:14]Response body != expected_msg, expected_msg is False, body is True
[ERROR 2019-03-28 17:31:17]Response body != expected_msg, expected_msg is False, body is True
[ERROR 2019-03-28 17:32:03]Response body != expected_msg, expected_msg is False, body is True
[ERROR 2019-03-28 17:32:06]Response body != expected_msg, expected_msg is False, body is True
[ERROR 2019-03-28 17:35:13]Response body != expected_msg, expected_msg is False, body is True
[ERROR 2019-03-28 17:35:16]Response body != expected_msg, expected_msg is False, body is True
[ERROR 2019-03-28 17:36:17]Response body != expected_msg, expected_msg is False, body is True
[ERROR 2019-03-28 17:36:20]Response body != expected_msg, expected_msg is False, body is True
[ERROR 2019-03-28 17:37:02]Response body != expected_msg, expected_msg is False, body is True
[ERROR 2019-03-28 17:37:04]Response body != expected_msg, expected_msg is False, body is True
[ERROR 2019-03-28 17:37:22]Response body != expected_msg, expected_msg is False, body is True
[ERROR 2019-03-28 17:37:25]Response body != expected_msg, expected_msg is False, body is True
[ERROR 2019-03-28 17:37:41]Response body != expected_msg, expected_msg is False, body is True
[ERROR 2019-03-28 17:37:44]Response body != expected_msg, expected_msg is False, body is True
[ERROR 2019-03-28 17:38:30]Response body != expected_msg, expected_msg is False, body is True
[ERROR 2019-03-28 17:38:33]Response body != expected_msg, expected_msg is False, body is True
[ERROR 2019-03-28 17:39:28]Response body != expected_msg, expected_msg is False, body is True
[ERROR 2019-03-28 17:39:34]Response body != expected_msg, expected_msg is False, body is True
[ERROR 2019-03-28 17:41:02]Response body != expected_msg, expected_msg is False, body is True
[ERROR 2019-03-28 17:43:54]Response body != expected_msg, expected_msg is False, body is True
[ERROR 2019-03-28 17:43:57]Response body != expected_msg, expected_msg is False, body is True
[ERROR 2019-03-28 17:44:09]Response body != expected_msg, expected_msg is False, body is True
[ERROR 2019-03-28 17:44:12]Response body != expected_msg, expected_msg is False, body is True
[ERROR 2019-03-28 17:45:04]Response body != expected_msg, expected_msg is False, body is True
[ERROR 2019-03-28 17:45:07]Response body != expected_msg, expected_msg is False, body is True
[ERROR 2019-03-28 17:45:23]Response body != expected_msg, expected_msg is False, body is True
[ERROR 2019-03-28 17:45:26]Response body != expected_msg, expected_msg is False, body is True
[ERROR 2019-03-28 17:46:28]Response body != expected_msg, expected_msg is False, body is True
[ERROR 2019-03-28 17:46:31]Response body != expected_msg, expected_msg is False, body is True
[ERROR 2019-03-28 17:47:38]Response body != expected_msg, expected_msg is False, body is True
[ERROR 2019-03-28 17:47:41]Response body != expected_msg, expected_msg is False, body is True
[ERROR 2019-03-28 17:48:05]Response body != expected_msg, expected_msg is False, body is True
[ERROR 2019-03-28 17:48:08]Response body != expected_msg, expected_msg is False, body is True
[ERROR 2019-03-28 17:48:29]Response body != expected_msg, expected_msg is False, body is True
[ERROR 2019-03-28 17:48:37]Response body != expected_msg, expected_msg is False, body is True
[ERROR 2019-03-28 17:48:45]Response body != expected_msg, expected_msg is False, body is True
[ERROR 2019-03-28 17:49:02]Response body != expected_msg, expected_msg is False, body is True
[ERROR 2019-03-28 17:51:17]Response body != expected_msg, expected_msg is False, body is True
[ERROR 2019-03-28 17:51:34]Response body != expected_msg, expected_msg is False, body is True
[ERROR 2019-03-28 17:51:35]Response body != expected_msg, expected_msg is False, body is True
[ERROR 2019-03-28 17:52:26]Response body != expected_msg, expected_msg is False, body is True
[ERROR 2019-03-28 17:52:28]Response body != expected_msg, expected_msg is False, body is True
[ERROR 2019-03-28 17:52:42]Response body != expected_msg, expected_msg is False, body is True
[ERROR 2019-03-28 17:52:45]Response body != expected_msg, expected_msg is False, body is True
[ERROR 2019-03-28 17:59:16]Response body != expected_msg, expected_msg is False, body is True
[ERROR 2019-03-28 17:59:19]Response body != expected_msg, expected_msg is False, body is True
[ERROR 2019-03-29 09:14:54]Response body != expected_msg, expected_msg is False, body is True
[ERROR 2019-03-29 09:14:55]Response body != expected_msg, expected_msg is False, body is True
[ERROR 2019-03-29 09:15:01]Response body != expected_msg, expected_msg is False, body is True
[ERROR 2019-03-29 09:17:17]Response body != expected_msg, expected_msg is False, body is True
[ERROR 2019-03-29 09:17:21]Response body != expected_msg, expected_msg is False, body is True
[ERROR 2019-03-29 09:20:18]Response body != expected_msg, expected_msg is False, body is True
[ERROR 2019-03-29 09:20:21]Response body != expected_msg, expected_msg is False, body is True
[ERROR 2019-03-29 09:20:47]Response body != expected_msg, expected_msg is False, body is True
[ERROR 2019-03-29 09:20:49]Response body != expected_msg, expected_msg is False, body is True
[ERROR 2019-03-29 09:23:44]Response body != expected_msg, expected_msg is False, body is True
[ERROR 2019-03-29 09:23:46]Response body != expected_msg, expected_msg is False, body is True
[ERROR 2019-03-29 09:27:47]Response body != expected_msg, expected_msg is False, body is True
[ERROR 2019-03-29 09:40:15]Response body != expected_msg, expected_msg is False, body is True
[ERROR 2019-03-29 09:40:19]Response body != expected_msg, expected_msg is False, body is True
[ERROR 2019-03-29 10:23:07]Response body != expected_msg, expected_msg is False, body is True
[ERROR 2019-03-29 10:24:02]Response body != expected_msg, expected_msg is False, body is True
[ERROR 2019-03-29 10:26:31]Response body != expected_msg, expected_msg is False, body is True
[ERROR 2019-03-29 10:32:44]Response body != expected_msg, expected_msg is False, body is True
[ERROR 2019-03-29 10:34:02]Response body != expected_msg, expected_msg is False, body is True
[ERROR 2019-03-29 14:32:36]Response body != expected_msg, expected_msg is False, body is True
[ERROR 2019-03-29 14:33:19]Response body != expected_msg, expected_msg is False, body is True
[ERROR 2019-03-29 14:34:13]Response body != expected_msg, expected_msg is False, body is True
[ERROR 2019-03-29 14:36:01]Response body != expected_msg, expected_msg is False, body is True
[ERROR 2019-03-29 14:36:32]Response body != expected_msg, expected_msg is False, body is True
[ERROR 2019-03-29 14:36:59]Response body != expected_msg, expected_msg is False, body is True
[ERROR 2019-03-29 14:38:18]Response body != expected_msg, expected_msg is False, body is True
[ERROR 2019-03-29 14:39:12]Response body != expected_msg, expected_msg is False, body is True
[ERROR 2019-03-29 14:39:22]Response body != expected_msg, expected_msg is False, body is True
[ERROR 2019-03-29 14:44:03]Response body != expected_msg, expected_msg is False, body is True
[ERROR 2019-03-29 14:44:04]Response body != expected_msg, expected_msg is False, body is True
[ERROR 2019-03-29 14:45:43]Response body != expected_msg, expected_msg is False, body is True
[ERROR 2019-03-29 14:46:59]Response body != expected_msg, expected_msg is False, body is True
[ERROR 2019-03-29 14:49:12]Response body != expected_msg, expected_msg is False, body is True
[ERROR 2019-03-29 14:50:01]Response body != expected_msg, expected_msg is False, body is True
[ERROR 2019-03-29 14:50:51]Response body != expected_msg, expected_msg is False, body is True
[ERROR 2019-03-29 14:51:58]Response body != expected_msg, expected_msg is False, body is True
[ERROR 2019-03-29 14:53:15]Response body != expected_msg, expected_msg is False, body is True
[ERROR 2019-03-29 14:53:45]Response body != expected_msg, expected_msg is False, body is True
[ERROR 2019-03-29 14:54:03]Response body != expected_msg, expected_msg is False, body is True
[ERROR 2019-03-29 14:54:08]Response body != expected_msg, expected_msg is False, body is True
[ERROR 2019-03-29 14:54:11]Response body != expected_msg, expected_msg is False, body is True
[ERROR 2019-03-29 14:55:36]Response body != expected_msg, expected_msg is False, body is True
[ERROR 2019-03-29 14:59:12]Response body != expected_msg, expected_msg is False, body is True
[ERROR 2019-03-29 15:06:15]Response body != expected_msg, expected_msg is False, body is True
[ERROR 2019-03-29 16:45:22]Response body != expected_msg, expected_msg is False, body is True
[ERROR 2019-03-29 16:45:28]Response body != expected_msg, expected_msg is False, body is True
[ERROR 2019-03-29 16:46:56]Response body != expected_msg, expected_msg is False, body is True
[ERROR 2019-03-29 16:50:22]Response body != expected_msg, expected_msg is False, body is True
[ERROR 2019-03-29 16:52:05]Response body != expected_msg, expected_msg is False, body is True
[ERROR 2019-03-29 16:57:12]Response body != expected_msg, expected_msg is False, body is True
[ERROR 2019-03-29 17:05:36]Response body != expected_msg, expected_msg is False, body is True
[ERROR 2019-03-29 17:08:23]Response body != expected_msg, expected_msg is False, body is True
[ERROR 2019-03-29 17:10:03]Response body != expected_msg, expected_msg is False, body is True
[ERROR 2019-03-29 17:10:03]Response body != expected_msg, expected_msg is S_SERVICE_UNAVAILABLE, body is B_USER_OR_MOBILE_EXISTS
[ERROR 2019-03-29 17:10:06]Response body != expected_msg, expected_msg is False, body is True
[ERROR 2019-03-29 17:10:07]Response body != expected_msg, expected_msg is False, body is True
[ERROR 2019-03-29 17:10:09]Response body != expected_msg, expected_msg is False, body is True
[ERROR 2019-03-29 17:10:10]Response body != expected_msg, expected_msg is False, body is True
[ERROR 2019-03-29 17:10:55]Response body != expected_msg, expected_msg is False, body is True
[ERROR 2019-03-29 17:13:34]Response body != expected_msg, expected_msg is False, body is True
[ERROR 2019-03-29 17:14:45]Response body != expected_msg, expected_msg is False, body is True
[ERROR 2019-03-29 17:15:28]Response body != expected_msg, expected_msg is False, body is True
[ERROR 2019-03-29 17:18:51]Response body != expected_msg, expected_msg is False, body is True
[ERROR 2019-03-29 17:27:03]Response body != expected_msg, expected_msg is False, body is True
[ERROR 2019-03-29 17:30:07]Response body != expected_msg, expected_msg is False, body is True
[ERROR 2019-03-29 17:30:29]Response body != expected_msg, expected_msg is False, body is True
[ERROR 2019-03-29 17:33:10]Response body != expected_msg, expected_msg is False, body is True
[ERROR 2019-03-29 17:39:56]Response body != expected_msg, expected_msg is False, body is True
[ERROR 2019-03-29 17:39:57]Response body != expected_msg, expected_msg is False, body is True
[ERROR 2019-03-29 17:41:26]Response body != expected_msg, expected_msg is False, body is True
[ERROR 2019-03-29 17:42:20]Response body != expected_msg, expected_msg is False, body is True
[ERROR 2019-03-29 17:42:21]Response body != expected_msg, expected_msg is False, body is True
[ERROR 2019-03-29 18:00:35]Response body != expected_msg, expected_msg is False, body is True
[ERROR 2019-03-29 18:03:05]Response body != expected_msg, expected_msg is False, body is True
[ERROR 2019-03-29 18:10:14]Response body != expected_msg, expected_msg is False, body is True
[ERROR 2019-03-29 18:10:15]Response body != expected_msg, expected_msg is False, body is True
[ERROR 2019-03-29 18:10:18]Response body != expected_msg, expected_msg is False, body is True
[ERROR 2019-03-29 18:10:19]Response body != expected_msg, expected_msg is False, body is True
[ERROR 2019-03-29 18:10:23]Response body != expected_msg, expected_msg is False, body is True
[ERROR 2019-03-29 18:10:26]Response body != expected_msg, expected_msg is False, body is True
[ERROR 2019-03-29 18:11:06]Response body != expected_msg, expected_msg is False, body is True
[ERROR 2019-03-29 18:11:07]Response body != expected_msg, expected_msg is False, body is True
[ERROR 2019-03-29 18:11:10]Response body != expected_msg, expected_msg is False, body is True
[ERROR 2019-03-29 18:11:12]Response body != expected_msg, expected_msg is False, body is True
[ERROR 2019-03-29 18:11:13]Response body != expected_msg, expected_msg is False, body is True
[ERROR 2019-03-29 18:11:15]Response body != expected_msg, expected_msg is False, body is True
[ERROR 2019-03-29 18:11:18]Response body != expected_msg, expected_msg is False, body is True
[ERROR 2019-03-29 18:12:11]Response body != expected_msg, expected_msg is False, body is True
[ERROR 2019-03-29 18:15:47]Response body != expected_msg, expected_msg is False, body is True
[ERROR 2019-03-29 18:18:19]Response body != expected_msg, expected_msg is False, body is True
[ERROR 2019-03-29 18:19:11]请检查数据的参数是否正确
[ERROR 2019-03-29 18:19:11]请检查sql语句 = SELECT phone FROM sys_user WHERE user_id ='1516'; 是否正确
[ERROR 2019-03-29 18:19:11]Response body != expected_msg, expected_msg is False, body is True
[ERROR 2019-03-29 18:19:18]Response body != expected_msg, expected_msg is False, body is True
[ERROR 2019-03-29 18:19:26]Response body != expected_msg, expected_msg is False, body is True
[ERROR 2019-03-29 18:20:13]Response body != expected_msg, expected_msg is False, body is True
[ERROR 2019-03-29 18:22:09]Response body != expected_msg, expected_msg is False, body is True
[ERROR 2019-03-29 18:24:30]Response body != expected_msg, expected_msg is False, body is True
[ERROR 2019-03-29 18:29:30]Response body != expected_msg, expected_msg is False, body is True
[ERROR 2019-03-29 18:34:30]Response body != expected_msg, expected_msg is False, body is True
[ERROR 2019-03-29 18:39:30]Response body != expected_msg, expected_msg is False, body is True
[ERROR 2019-03-29 18:43:28]Response body != expected_msg, expected_msg is False, body is True
[ERROR 2019-03-29 18:44:55]Response body != expected_msg, expected_msg is False, body is True
[ERROR 2019-03-29 18:49:32]Response body != expected_msg, expected_msg is False, body is True
[ERROR 2019-03-29 18:49:38]Response body != expected_msg, expected_msg is False, body is True
[ERROR 2019-03-29 18:50:02]Response body != expected_msg, expected_msg is False, body is True
[ERROR 2019-03-29 18:50:33]Response body != expected_msg, expected_msg is False, body is True
[ERROR 2019-04-03 11:27:43]Response body != expected_msg, expected_msg is True, body is true
[ERROR 2019-04-03 11:27:44]Response body != expected_msg, expected_msg is True, body is true
[ERROR 2019-04-03 11:27:45]Response body != expected_msg, expected_msg is True, body is true
[ERROR 2019-04-03 11:27:45]Response body != expected_msg, expected_msg is True, body is true
[ERROR 2019-04-03 11:27:46]Response body != expected_msg, expected_msg is True, body is true
[ERROR 2019-04-03 11:27:47]Response body != expected_msg, expected_msg is True, body is true
[ERROR 2019-04-03 11:27:47]Response body != expected_msg, expected_msg is True, body is true
[ERROR 2019-04-03 11:27:48]Response body != expected_msg, expected_msg is True, body is true
[ERROR 2019-04-03 14:14:11]Response body != expected_msg, expected_msg is test_type, body is log_type
[ERROR 2019-04-03 14:14:12]Response body != expected_msg, expected_msg is False, body is True
[ERROR 2019-04-03 14:19:02]Response body != expected_msg, expected_msg is False, body is True
[ERROR 2019-04-03 14:19:07]Response body != expected_msg, expected_msg is False, body is True
[ERROR 2019-04-03 14:19:11]Response body != expected_msg, expected_msg is test_type, body is log_type
[ERROR 2019-04-03 14:19:12]Response body != expected_msg, expected_msg is False, body is True
[ERROR 2019-04-03 14:24:08]Response body != expected_msg, expected_msg is False, body is True
[ERROR 2019-04-03 14:24:24]Response body != expected_msg, expected_msg is False, body is True
[ERROR 2019-04-03 14:24:28]Response body != expected_msg, expected_msg is test_type, body is log_type
[ERROR 2019-04-03 14:24:29]Response body != expected_msg, expected_msg is False, body is True
[ERROR 2019-04-03 14:29:03]Response body != expected_msg, expected_msg is False, body is True
[ERROR 2019-04-03 14:29:08]Response body != expected_msg, expected_msg is False, body is True
[ERROR 2019-04-03 14:29:12]Response body != expected_msg, expected_msg is test_type, body is log_type
[ERROR 2019-04-03 14:29:13]Response body != expected_msg, expected_msg is False, body is True
[ERROR 2019-04-03 14:34:03]Response body != expected_msg, expected_msg is False, body is True
[ERROR 2019-04-03 14:34:07]Response body != expected_msg, expected_msg is False, body is True
[ERROR 2019-04-03 14:34:11]Response body != expected_msg, expected_msg is test_type, body is log_type
[ERROR 2019-04-03 14:34:11]Response body != expected_msg, expected_msg is False, body is True
[ERROR 2019-04-03 14:39:02]Response body != expected_msg, expected_msg is False, body is True
[ERROR 2019-04-03 14:39:06]Response body != expected_msg, expected_msg is False, body is True
[ERROR 2019-04-03 14:39:10]Response body != expected_msg, expected_msg is test_type, body is log_type
[ERROR 2019-04-03 14:39:11]Response body != expected_msg, expected_msg is False, body is True
[ERROR 2019-04-03 14:44:02]Response body != expected_msg, expected_msg is False, body is True
[ERROR 2019-04-03 14:44:06]Response body != expected_msg, expected_msg is False, body is True
[ERROR 2019-04-03 14:44:10]Response body != expected_msg, expected_msg is test_type, body is log_type
[ERROR 2019-04-03 14:44:11]Response body != expected_msg, expected_msg is False, body is True
[ERROR 2019-04-03 14:49:03]Response body != expected_msg, expected_msg is False, body is True
[ERROR 2019-04-03 14:49:07]Response body != expected_msg, expected_msg is False, body is True
[ERROR 2019-04-03 14:49:11]Response body != expected_msg, expected_msg is test_type, body is log_type
[ERROR 2019-04-03 14:49:11]Response body != expected_msg, expected_msg is False, body is True
[ERROR 2019-04-03 14:54:02]Response body != expected_msg, expected_msg is False, body is True
[ERROR 2019-04-03 14:54:06]Response body != expected_msg, expected_msg is False, body is True
[ERROR 2019-04-03 14:54:10]Response body != expected_msg, expected_msg is test_type, body is log_type
[ERROR 2019-04-03 14:54:11]Response body != expected_msg, expected_msg is False, body is True
[ERROR 2019-04-03 14:59:02]Response body != expected_msg, expected_msg is False, body is True
[ERROR 2019-04-03 14:59:06]Response body != expected_msg, expected_msg is False, body is True
[ERROR 2019-04-03 14:59:11]Response body != expected_msg, expected_msg is test_type, body is log_type
[ERROR 2019-04-03 14:59:12]Response body != expected_msg, expected_msg is False, body is True
[ERROR 2019-04-03 15:04:03]Response body != expected_msg, expected_msg is False, body is True
[ERROR 2019-04-03 15:04:07]Response body != expected_msg, expected_msg is False, body is True
[ERROR 2019-04-03 15:04:11]Response body != expected_msg, expected_msg is test_type, body is log_type
[ERROR 2019-04-03 15:04:12]Response body != expected_msg, expected_msg is False, body is True
[ERROR 2019-04-03 15:09:02]Response body != expected_msg, expected_msg is False, body is True
[ERROR 2019-04-03 15:09:06]Response body != expected_msg, expected_msg is False, body is True
[ERROR 2019-04-03 15:09:10]Response body != expected_msg, expected_msg is test_type, body is log_type
[ERROR 2019-04-03 15:09:11]Response body != expected_msg, expected_msg is False, body is True
[ERROR 2019-04-03 15:19:01]Response body != expected_msg, expected_msg is False, body is True
[ERROR 2019-04-03 15:33:52]Response body != expected_msg, expected_msg is False, body is True
[ERROR 2019-04-03 15:34:01]Response body != expected_msg, expected_msg is False, body is True
[ERROR 2019-04-03 15:34:29]Response body != expected_msg, expected_msg is False, body is True
[ERROR 2019-04-03 15:53:15]Response body != expected_msg, expected_msg is False, body is True
[ERROR 2019-04-03 15:54:02]Response body != expected_msg, expected_msg is False, body is True
[ERROR 2019-04-03 16:10:08]Response body != expected_msg, expected_msg is False, body is True
[ERROR 2019-04-03 16:11:09]Response body != expected_msg, expected_msg is False, body is True
[ERROR 2019-04-03 16:14:02]Response body != expected_msg, expected_msg is False, body is True
[ERROR 2019-04-03 16:19:02]Response body != expected_msg, expected_msg is False, body is True
[ERROR 2019-04-03 16:23:36]Response body != expected_msg, expected_msg is False, body is True
[ERROR 2019-04-03 16:24:02]Response body != expected_msg, expected_msg is False, body is True
[ERROR 2019-04-03 16:29:02]Response body != expected_msg, expected_msg is False, body is True
[ERROR 2019-04-03 16:29:12]Response body != expected_msg, expected_msg is False, body is True
[ERROR 2019-04-03 16:30:30]Response body != expected_msg, expected_msg is False, body is True
[ERROR 2019-04-03 16:34:02]Response body != expected_msg, expected_msg is False, body is True
[ERROR 2019-04-03 16:39:02]Response body != expected_msg, expected_msg is False, body is True
[ERROR 2019-04-03 17:40:27]Response body != expected_msg, expected_msg is False, body is True
[ERROR 2019-04-03 17:40:34]Response body != expected_msg, expected_msg is False, body is True
[ERROR 2019-04-03 17:43:53]Response body != expected_msg, expected_msg is False, body is True
[ERROR 2019-04-03 17:44:27]Response body != expected_msg, expected_msg is False, body is True
[ERROR 2019-04-04 09:24:02]Response body != expected_msg, expected_msg is DISABLE, body is ENABLE
[ERROR 2019-04-04 09:26:36]Response body != expected_msg, expected_msg is DISABLE, body is ENABLE
[ERROR 2019-04-04 09:29:01]Response body != expected_msg, expected_msg is DISABLE, body is ENABLE
[ERROR 2019-04-04 09:34:01]Response body != expected_msg, expected_msg is DISABLE, body is ENABLE
[ERROR 2019-04-04 09:39:01]Response body != expected_msg, expected_msg is DISABLE, body is ENABLE
[ERROR 2019-04-04 09:39:30]Response body != expected_msg, expected_msg is DISABLE, body is ENABLE
[ERROR 2019-04-04 09:55:20]Response body != expected_msg, expected_msg is False, body is True
[ERROR 2019-04-04 09:55:53]Response body != expected_msg, expected_msg is False, body is True
[ERROR 2019-04-04 09:56:15]Response body != expected_msg, expected_msg is False, body is True
[ERROR 2019-04-04 09:59:03]Response body != expected_msg, expected_msg is False, body is True
[ERROR 2019-04-04 10:04:03]Response body != expected_msg, expected_msg is False, body is True
[ERROR 2019-04-04 10:04:35]Response body != expected_msg, expected_msg is False, body is True
[ERROR 2019-04-04 10:05:08]Response body != expected_msg, expected_msg is False, body is True
[ERROR 2019-04-04 10:06:42]Response body != expected_msg, expected_msg is False, body is True
[ERROR 2019-04-04 10:06:43]Response body != expected_msg, expected_msg is False, body is True
[ERROR 2019-04-04 10:06:53]Response body != expected_msg, expected_msg is False, body is True
[ERROR 2019-04-04 10:06:54]Response body != expected_msg, expected_msg is False, body is True
[ERROR 2019-04-04 10:07:05]Response body != expected_msg, expected_msg is False, body is True
[ERROR 2019-04-04 10:07:06]Response body != expected_msg, expected_msg is False, body is True
[ERROR 2019-04-04 10:07:22]Response body != expected_msg, expected_msg is False, body is True
[ERROR 2019-04-04 10:07:23]Response body != expected_msg, expected_msg is False, body is True
[ERROR 2019-04-04 10:07:53]Response body != expected_msg, expected_msg is False, body is True
[ERROR 2019-04-04 10:08:14]Response body != expected_msg, expected_msg is False, body is True
[ERROR 2019-04-04 10:08:35]Response body != expected_msg, expected_msg is False, body is True
[ERROR 2019-04-04 10:08:53]Response body != expected_msg, expected_msg is False, body is True
[ERROR 2019-04-04 10:09:03]Response body != expected_msg, expected_msg is False, body is True
[ERROR 2019-04-04 10:09:13]Response body != expected_msg, expected_msg is False, body is True
[ERROR 2019-04-04 10:10:43]Response body != expected_msg, expected_msg is False, body is True
[ERROR 2019-04-04 10:11:33]Response body != expected_msg, expected_msg is False, body is True
[ERROR 2019-04-04 10:11:33]Response body != expected_msg, expected_msg is False, body is True
[ERROR 2019-04-04 10:14:03]Response body != expected_msg, expected_msg is False, body is True
[ERROR 2019-04-04 10:14:04]Response body != expected_msg, expected_msg is False, body is True
[ERROR 2019-04-04 10:19:03]Response body != expected_msg, expected_msg is False, body is True
[ERROR 2019-04-04 10:19:04]Response body != expected_msg, expected_msg is False, body is True
[ERROR 2019-04-04 10:24:03]Response body != expected_msg, expected_msg is False, body is True
[ERROR 2019-04-04 10:24:04]Response body != expected_msg, expected_msg is False, body is True
[ERROR 2019-04-04 10:25:10]Response body != expected_msg, expected_msg is False, body is True
[ERROR 2019-04-04 10:25:11]Response body != expected_msg, expected_msg is False, body is True
[ERROR 2019-04-04 10:25:42]Response body != expected_msg, expected_msg is False, body is True
[ERROR 2019-04-04 10:25:43]Response body != expected_msg, expected_msg is False, body is True
[ERROR 2019-04-04 10:29:01]Response body != expected_msg, expected_msg is False, body is True
[ERROR 2019-04-04 10:29:02]Response body != expected_msg, expected_msg is False, body is True
[ERROR 2019-04-04 10:34:01]Response body != expected_msg, expected_msg is False, body is True
[ERROR 2019-04-04 10:34:02]Response body != expected_msg, expected_msg is False, body is True
[ERROR 2019-04-04 11:45:37]Response body != expected_msg, expected_msg is False, body is True
[ERROR 2019-04-04 11:46:05]Response body != expected_msg, expected_msg is False, body is True
[ERROR 2019-04-04 11:49:01]Response body != expected_msg, expected_msg is False, body is True
[ERROR 2019-04-04 11:49:02]Response body != expected_msg, expected_msg is False, body is True
[ERROR 2019-04-04 14:15:35]Response body != expected_msg, expected_msg is False, body is True
[ERROR 2019-04-04 14:19:03]Response body != expected_msg, expected_msg is False, body is True
[ERROR 2019-04-04 16:24:09]Response body != expected_msg, expected_msg is False, body is True
[ERROR 2019-04-04 16:29:09]Response body != expected_msg, expected_msg is False, body is True
[ERROR 2019-04-04 16:34:09]Response body != expected_msg, expected_msg is False, body is True
[ERROR 2019-04-04 16:39:09]Response body != expected_msg, expected_msg is False, body is True
[ERROR 2019-04-04 16:44:09]Response body != expected_msg, expected_msg is False, body is True
[ERROR 2019-04-04 16:49:09]Response body != expected_msg, expected_msg is False, body is True
[ERROR 2019-04-04 16:54:09]Response body != expected_msg, expected_msg is False, body is True
[ERROR 2019-04-04 17:39:09]Response body != expected_msg, expected_msg is False, body is True
[ERROR 2019-04-04 17:40:09]Response body != expected_msg, expected_msg is False, body is True
[ERROR 2019-04-04 17:40:59]Response body != expected_msg, expected_msg is False, body is True
[ERROR 2019-04-04 17:44:05]Response body != expected_msg, expected_msg is False, body is True
[ERROR 2019-04-04 17:44:10]Response body != expected_msg, expected_msg is False, body is True
[ERROR 2019-04-04 17:44:56]Response body != expected_msg, expected_msg is False, body is True
[ERROR 2019-04-04 17:54:10]Response body != expected_msg, expected_msg is False, body is True
[ERROR 2019-04-04 17:59:10]Response body != expected_msg, expected_msg is False, body is True
[ERROR 2019-04-08 08:49:02]Response body != expected_msg, expected_msg is False, body is True
[ERROR 2019-04-08 08:54:02]Response body != expected_msg, expected_msg is False, body is True
[ERROR 2019-04-08 09:00:03]Response body != expected_msg, expected_msg is False, body is True
[ERROR 2019-04-08 09:04:02]Response body != expected_msg, expected_msg is False, body is True
[ERROR 2019-04-08 09:09:02]Response body != expected_msg, expected_msg is False, body is True
[ERROR 2019-04-08 09:14:02]Response body != expected_msg, expected_msg is False, body is True
[ERROR 2019-04-08 09:19:02]Response body != expected_msg, expected_msg is False, body is True
[ERROR 2019-04-08 09:42:26]Response body != expected_msg, expected_msg is False, body is True
[ERROR 2019-04-08 09:43:44]Response body != expected_msg, expected_msg is False, body is True
[ERROR 2019-04-08 09:45:53]Response body != expected_msg, expected_msg is False, body is True
[ERROR 2019-04-08 09:50:02]Response body != expected_msg, expected_msg is False, body is True
[ERROR 2019-04-08 10:08:52]Response body != expected_msg, expected_msg is False, body is True
[ERROR 2019-04-08 10:17:37]Response body != expected_msg, expected_msg is False, body is True
[ERROR 2019-04-08 10:17:38]Response body != expected_msg, expected_msg is False, body is True
[ERROR 2019-04-08 10:17:40]Response body != expected_msg, expected_msg is False, body is True
[ERROR 2019-04-08 10:17:41]Response body != expected_msg, expected_msg is False, body is True
[ERROR 2019-04-08 10:22:51]Response body != expected_msg, expected_msg is False, body is True
[ERROR 2019-04-08 10:22:52]Response body != expected_msg, expected_msg is False, body is True
[ERROR 2019-04-08 10:22:53]Response body != expected_msg, expected_msg is False, body is True
[ERROR 2019-04-08 10:23:32]Response body != expected_msg, expected_msg is False, body is True
[ERROR 2019-04-08 10:23:33]Response body != expected_msg, expected_msg is False, body is True
[ERROR 2019-04-08 10:23:34]Response body != expected_msg, expected_msg is False, body is True
[ERROR 2019-04-08 10:25:12]Response body != expected_msg, expected_msg is False, body is True
[ERROR 2019-04-08 10:25:14]Response body != expected_msg, expected_msg is False, body is True
[ERROR 2019-04-08 10:25:14]Response body != expected_msg, expected_msg is False, body is True
[ERROR 2019-04-08 10:25:58]Response body != expected_msg, expected_msg is False, body is True
[ERROR 2019-04-08 10:26:00]Response body != expected_msg, expected_msg is False, body is True
[ERROR 2019-04-08 10:26:00]Response body != expected_msg, expected_msg is False, body is True
[ERROR 2019-04-08 10:26:39]Response body != expected_msg, expected_msg is False, body is True
[ERROR 2019-04-08 10:26:39]Response body != expected_msg, expected_msg is False, body is True
[ERROR 2019-04-08 10:26:40]Response body != expected_msg, expected_msg is False, body is True
[ERROR 2019-04-08 10:26:41]Response body != expected_msg, expected_msg is False, body is True
[ERROR 2019-04-08 10:26:53]Response body != expected_msg, expected_msg is False, body is True
[ERROR 2019-04-08 10:26:54]Response body != expected_msg, expected_msg is False, body is True
[ERROR 2019-04-08 10:26:55]Response body != expected_msg, expected_msg is False, body is True
[ERROR 2019-04-08 10:26:55]Response body != expected_msg, expected_msg is False, body is True
[ERROR 2019-04-08 10:27:09]Response body != expected_msg, expected_msg is False, body is True
[ERROR 2019-04-08 10:27:10]Response body != expected_msg, expected_msg is False, body is True
[ERROR 2019-04-08 10:27:11]Response body != expected_msg, expected_msg is False, body is True
[ERROR 2019-04-08 10:27:11]Response body != expected_msg, expected_msg is False, body is True
[ERROR 2019-04-08 10:37:56]Response body != expected_msg, expected_msg is False, body is True
[ERROR 2019-04-08 10:37:57]Response body != expected_msg, expected_msg is False, body is True
[ERROR 2019-04-08 10:37:58]Response body != expected_msg, expected_msg is False, body is True
[ERROR 2019-04-08 10:58:54]Response body != expected_msg, expected_msg is False, body is True
[ERROR 2019-04-08 10:58:55]Response body != expected_msg, expected_msg is False, body is True
[ERROR 2019-04-08 10:58:56]Response body != expected_msg, expected_msg is False, body is True
[ERROR 2019-04-08 10:59:43]请检查sql语句 = SELECT user_id,del_flag,phone FROM sys_user WHERE username = 'test1'; 是否正确
[ERROR 2019-04-08 10:59:46]请检查sql语句 = SELECT menu_id,del_flag,parent_id FROM sys_menu WHERE name = '自动化测试'; 是否正确
[ERROR 2019-04-08 10:59:47]请检查sql语句 = SELECT role_id,del_flag FROM sys_role WHERE role_name = '我的自动化测试'; 是否正确
[ERROR 2019-04-08 10:59:49]请检查sql语句 = SELECT dept_id,code,del_flag FROM sys_dept WHERE name = '自动化测试'; 是否正确
[ERROR 2019-04-08 10:59:50]请检查sql语句 = SELECT id,type,del_flag FROM sys_dict WHERE remarks = '自动化测试123'; 是否正确
[ERROR 2019-04-08 11:00:02]请检查sql语句 = SELECT user_id,del_flag,phone FROM sys_user WHERE username = 'test1'; 是否正确
[ERROR 2019-04-08 11:00:05]请检查sql语句 = SELECT menu_id,del_flag,parent_id FROM sys_menu WHERE name = '自动化测试'; 是否正确
[ERROR 2019-04-08 11:00:06]Response body != expected_msg, expected_msg is False, body is True
[ERROR 2019-04-08 11:00:08]请检查sql语句 = SELECT dept_id,code,del_flag FROM sys_dept WHERE name = '自动化测试'; 是否正确
[ERROR 2019-04-08 11:00:09]请检查sql语句 = SELECT id,type,del_flag FROM sys_dict WHERE remarks = '自动化测试123'; 是否正确
[ERROR 2019-04-08 11:01:39]Response body != expected_msg, expected_msg is False, body is True
[ERROR 2019-04-08 11:01:44]Response body != expected_msg, expected_msg is False, body is True
[ERROR 2019-04-08 11:02:07]Response body != expected_msg, expected_msg is False, body is True
[ERROR 2019-04-08 11:10:00]请检查数据的参数是否正确
[ERROR 2019-04-08 11:10:00]请检查sql语句 = SELECT menu_id FROM sys_role_menu WHERE role_id = '1' 是否正确
[ERROR 2019-04-08 11:10:13]请检查数据的参数是否正确
[ERROR 2019-04-08 11:10:13]请检查sql语句 = SELECT menu_id FROM sys_role_menu WHERE role_id = '1' 是否正确
[ERROR 2019-04-08 11:10:31]请检查数据的参数是否正确
[ERROR 2019-04-08 11:10:31]请检查sql语句 = SELECT * FROM sys_role_menu WHERE role_id = '1' 是否正确
[ERROR 2019-04-08 11:12:30]请检查数据的参数是否正确
[ERROR 2019-04-08 11:12:30]请检查sql语句 = SELECT * FROM sys_role_menu WHERE role_id = '1' 是否正确
[ERROR 2019-04-08 11:13:05]请检查数据的参数是否正确
[ERROR 2019-04-08 11:13:05]请检查sql语句 = SELECT * FROM sys_role_menu WHERE role_id = '1' 是否正确
[ERROR 2019-04-08 11:13:33]请检查数据的参数是否正确
[ERROR 2019-04-08 11:13:33]请检查sql语句 = SELECT * FROM sys_role_menu WHERE role_id = '1' 是否正确
[ERROR 2019-04-08 11:29:39]Response body != expected_msg, expected_msg is False, body is True
[ERROR 2019-04-08 11:29:40]Response body != expected_msg, expected_msg is False, body is True
[ERROR 2019-04-08 11:29:41]Response body != expected_msg, expected_msg is False, body is True
[ERROR 2019-04-08 11:32:08]Response body != expected_msg, expected_msg is False, body is True
[ERROR 2019-04-08 11:32:10]Response body != expected_msg, expected_msg is False, body is True
[ERROR 2019-04-08 11:32:10]Response body != expected_msg, expected_msg is False, body is True
[ERROR 2019-04-08 11:33:27]Response body != expected_msg, expected_msg is False, body is True
[ERROR 2019-04-08 11:33:27]Response body != expected_msg, expected_msg is False, body is True
[ERROR 2019-04-08 11:37:47]Response body != expected_msg, expected_msg is False, body is True
[ERROR 2019-04-08 11:37:48]Response body != expected_msg, expected_msg is False, body is True
[ERROR 2019-04-08 11:37:49]Response body != expected_msg, expected_msg is False, body is True
[ERROR 2019-04-08 11:41:31]Response body != expected_msg, expected_msg is False, body is True
[ERROR 2019-04-08 11:41:33]Response body != expected_msg, expected_msg is False, body is True
[ERROR 2019-04-08 11:41:33]Response body != expected_msg, expected_msg is False, body is True
[ERROR 2019-04-08 11:44:40]Response body != expected_msg, expected_msg is False, body is True
[ERROR 2019-04-08 11:44:41]Response body != expected_msg, expected_msg is False, body is True
[ERROR 2019-04-08 11:44:42]Response body != expected_msg, expected_msg is False, body is True
[ERROR 2019-04-08 13:27:48]Response body != expected_msg, expected_msg is False, body is True
[ERROR 2019-04-08 14:43:25]Response body != expected_msg, expected_msg is False, body is True
[ERROR 2019-04-08 14:43:25]Response body != expected_msg, expected_msg is False, body is True
[ERROR 2019-04-08 14:59:11]Response body != expected_msg, expected_msg is False, body is True
[ERROR 2019-04-08 15:00:57]Response body != expected_msg, expected_msg is False, body is True
[ERROR 2019-04-08 15:26:14]Response body != expected_msg, expected_msg is False, body is True
[ERROR 2019-04-08 15:26:15]Response body != expected_msg, expected_msg is False, body is True
[ERROR 2019-04-08 15:37:15]Response body != expected_msg, expected_msg is False, body is True
[ERROR 2019-04-08 15:37:16]Response body != expected_msg, expected_msg is False, body is True
[ERROR 2019-04-08 15:37:17]Response body != expected_msg, expected_msg is False, body is True
[ERROR 2019-04-08 15:37:18]Response body != expected_msg, expected_msg is False, body is True
[ERROR 2019-04-08 15:40:52]Response body != expected_msg, expected_msg is False, body is True
[ERROR 2019-04-08 15:40:53]Response body != expected_msg, expected_msg is False, body is True
[ERROR 2019-04-08 15:40:55]Response body != expected_msg, expected_msg is False, body is True
[ERROR 2019-04-08 15:40:55]Response body != expected_msg, expected_msg is False, body is True
[ERROR 2019-04-08 16:11:03]Response body != expected_msg, expected_msg is False, body is True
[ERROR 2019-04-08 16:11:49]Response body != expected_msg, expected_msg is False, body is True
[ERROR 2019-04-08 16:13:23]Response body != expected_msg, expected_msg is False, body is True
[ERROR 2019-04-08 16:13:24]Response body != expected_msg, expected_msg is False, body is True
[ERROR 2019-04-08 16:13:24]Response body != expected_msg, expected_msg is False, body is True
[ERROR 2019-04-08 16:13:25]Response body != expected_msg, expected_msg is False, body is True
[ERROR 2019-04-08 16:13:26]Response body != expected_msg, expected_msg is False, body is True
[ERROR 2019-04-08 16:18:53]Response body != expected_msg, expected_msg is False, body is True
[ERROR 2019-04-08 16:18:54]Response body != expected_msg, expected_msg is False, body is True
[ERROR 2019-04-08 16:18:55]Response body != expected_msg, expected_msg is False, body is True
[ERROR 2019-04-08 16:18:55]Response body != expected_msg, expected_msg is False, body is True
[ERROR 2019-04-08 16:18:56]Response body != expected_msg, expected_msg is False, body is True
[ERROR 2019-04-08 16:21:22]Response body != expected_msg, expected_msg is False, body is True
[ERROR 2019-04-08 16:21:22]Response body != expected_msg, expected_msg is False, body is True
[ERROR 2019-04-08 16:21:23]Response body != expected_msg, expected_msg is False, body is True
[ERROR 2019-04-08 16:21:23]Response body != expected_msg, expected_msg is False, body is True
[ERROR 2019-04-08 16:21:24]Response body != expected_msg, expected_msg is False, body is True
[ERROR 2019-04-08 16:51:04]Response body != expected_msg, expected_msg is False, body is True
[ERROR 2019-04-08 16:51:05]Response body != expected_msg, expected_msg is False, body is True
[ERROR 2019-04-08 16:51:06]Response body != expected_msg, expected_msg is False, body is True
[ERROR 2019-04-08 16:51:06]Response body != expected_msg, expected_msg is False, body is True
[ERROR 2019-04-08 16:51:07]Response body != expected_msg, expected_msg is False, body is True
[ERROR 2019-04-08 16:52:24]Response body != expected_msg, expected_msg is False, body is True
[ERROR 2019-04-08 16:52:25]Response body != expected_msg, expected_msg is False, body is True
[ERROR 2019-04-08 16:52:25]Response body != expected_msg, expected_msg is False, body is True
[ERROR 2019-04-08 16:52:26]Response body != expected_msg, expected_msg is False, body is True
[ERROR 2019-04-08 16:52:27]Response body != expected_msg, expected_msg is False, body is True
[ERROR 2019-04-08 16:53:33]Response body != expected_msg, expected_msg is False, body is True
[ERROR 2019-04-08 16:53:34]Response body != expected_msg, expected_msg is False, body is True
[ERROR 2019-04-08 16:53:35]Response body != expected_msg, expected_msg is False, body is True
[ERROR 2019-04-08 16:53:35]Response body != expected_msg, expected_msg is False, body is True
[ERROR 2019-04-08 16:53:36]Response body != expected_msg, expected_msg is False, body is True
[ERROR 2019-04-08 16:56:36]Response body != expected_msg, expected_msg is False, body is True
[ERROR 2019-04-08 16:56:37]Response body != expected_msg, expected_msg is False, body is True
[ERROR 2019-04-08 16:56:38]Response body != expected_msg, expected_msg is False, body is True
[ERROR 2019-04-08 16:56:38]Response body != expected_msg, expected_msg is False, body is True
[ERROR 2019-04-08 16:56:39]Response body != expected_msg, expected_msg is False, body is True
[ERROR 2019-04-08 16:56:40]Response body != expected_msg, expected_msg is False, body is True
[ERROR 2019-04-08 16:56:41]Response body != expected_msg, expected_msg is False, body is True
[ERROR 2019-04-08 16:57:25]Response body != expected_msg, expected_msg is False, body is True
[ERROR 2019-04-08 16:57:58]Response body != expected_msg, expected_msg is False, body is True
[ERROR 2019-04-08 16:57:59]Response body != expected_msg, expected_msg is False, body is True
[ERROR 2019-04-08 16:57:59]Response body != expected_msg, expected_msg is False, body is True
[ERROR 2019-04-08 16:58:00]Response body != expected_msg, expected_msg is B_INVALID_TOKEN, body is B_USER_OR_MOBILE_EXISTS
[ERROR 2019-04-08 16:58:01]Response body != expected_msg, expected_msg is False, body is True
[ERROR 2019-04-08 16:58:02]Response body != expected_msg, expected_msg is False, body is True
[ERROR 2019-04-08 16:58:02]Response body != expected_msg, expected_msg is False, body is True
[ERROR 2019-04-08 16:58:03]Response body != expected_msg, expected_msg is False, body is True
[ERROR 2019-04-08 16:58:04]Response body != expected_msg, expected_msg is False, body is True
[ERROR 2019-04-08 16:58:04]Response body != expected_msg, expected_msg is False, body is True
[ERROR 2019-04-08 17:22:36]Response body != expected_msg, expected_msg is False, body is True
[ERROR 2019-04-08 17:22:36]Response body != expected_msg, expected_msg is False, body is True
[ERROR 2019-04-08 17:25:44]Response body != expected_msg, expected_msg is False, body is True
[ERROR 2019-04-08 17:25:44]Response body != expected_msg, expected_msg is False, body is True
[ERROR 2019-04-08 17:28:54]Response body != expected_msg, expected_msg is False, body is True
[ERROR 2019-04-08 17:28:55]Response body != expected_msg, expected_msg is False, body is True
